生成启动时间为 2016/11/12 12:31:13。
     1>项目“C:\PCI\MakeRecommendations\MakeRecommendations.vcxproj”在节点 2 上(Rebuild 个目标)。
     1>ClCompile:
         C:\Program Files (x86)\Microsoft Visual Studio 12.0\VC\bin\CL.exe /c /IC:\PCI\MakeRecommendations\ /IC:\PCI\src /ZI /nologo /W3 /WX- /Od /Oy- /D WIN32 /D _DEBUG /D _CONSOLE /D _UNICODE /D UNICODE /Gm /EHsc /RTC1 /MDd /GS /fp:precise /Zc:wchar_t /Zc:forScope /Fo"Debug\\" /Fd"Debug\vc120.pdb" /Gd /TP /analyze- /errorReport:prompt MakeRecommendations.cpp
         MakeRecommendations.cpp
     1>c:\pci\makerecommendations\makerecommendations.cpp(97): warning C4244: “=”: 从“double”转换到“clock_t”，可能丢失数据
     1>c:\pci\makerecommendations\makerecommendations.cpp(116): warning C4244: “=”: 从“double”转换到“clock_t”，可能丢失数据
     1>c:\pci\makerecommendations\makerecommendations.cpp(134): warning C4244: “=”: 从“double”转换到“clock_t”，可能丢失数据
     1>c:\pci\makerecommendations\makerecommendations.cpp(153): warning C4244: “=”: 从“double”转换到“clock_t”，可能丢失数据
     1>c:\pci\makerecommendations\makerecommendations.cpp(171): warning C4244: “=”: 从“double”转换到“clock_t”，可能丢失数据
     1>c:\pci\makerecommendations\makerecommendations.cpp(203): warning C4244: “=”: 从“double”转换到“clock_t”，可能丢失数据
     1>c:\pci\makerecommendations\makerecommendations.cpp(217): warning C4244: “=”: 从“double”转换到“clock_t”，可能丢失数据
     1>c:\pci\makerecommendations\makerecommendations.cpp(231): warning C4244: “=”: 从“double”转换到“clock_t”，可能丢失数据
     1>c:\pci\makerecommendations\makerecommendations.cpp(246): warning C4244: “=”: 从“double”转换到“clock_t”，可能丢失数据
       Link:
         C:\Program Files (x86)\Microsoft Visual Studio 12.0\VC\bin\link.exe /ERRORREPORT:PROMPT /OUT:"C:\PCI\Debug\MakeRecommendations.exe" /INCREMENTAL /NOLOGO opencv_calib3d249d.lib opencv_contrib249d.lib opencv_core249d.lib opencv_features2d249d.lib opencv_flann249d.lib opencv_gpu249d.lib opencv_highgui249d.lib opencv_imgproc249d.lib opencv_legacy249d.lib opencv_ml249d.lib opencv_nonfree249d.lib opencv_objdetect249d.lib opencv_ocl249d.lib opencv_photo249d.lib opencv_stitching249d.lib opencv_superres249d.lib opencv_ts249d.lib opencv_video249d.lib opencv_videostab249d.lib opencv_calib3d249.lib opencv_contrib249.lib opencv_core249.lib opencv_features2d249.lib opencv_flann249.lib opencv_gpu249.lib opencv_highgui249.lib opencv_imgproc249.lib opencv_legacy249.lib opencv_ml249.lib opencv_nonfree249.lib opencv_objdetect249.lib opencv_ocl249.lib opencv_photo249.lib opencv_stitching249.lib opencv_superres249.lib opencv_ts249.lib opencv_video249.lib opencv_videostab249.lib kernel32.lib user32.lib gdi32.lib winspool.lib comdlg32.lib advapi32.lib shell32.lib ole32.lib oleaut32.lib uuid.lib odbc32.lib odbccp32.lib /MANIFEST /MANIFESTUAC:"level='asInvoker' uiAccess='false'" /manifest:embed /DEBUG /PDB:"C:\PCI\Debug\MakeRecommendations.pdb" /SUBSYSTEM:CONSOLE /TLBID:1 /DYNAMICBASE /NXCOMPAT /IMPLIB:"C:\PCI\Debug\MakeRecommendations.lib" /MACHINE:X86 /SAFESEH Debug\MakeRecommendations.obj
     1>MakeRecommendations.obj : warning LNK4075: 忽略“/EDITANDCONTINUE”(由于“/SAFESEH”规范)
         MakeRecommendations.vcxproj -> C:\PCI\Debug\MakeRecommendations.exe
     1>已完成生成项目“C:\PCI\MakeRecommendations\MakeRecommendations.vcxproj”(Rebuild 个目标)的操作。

生成成功。

已用时间 00:00:06.02
